This is pdfTeX, Version 3.1415926-2.5-1.40.14 (MiKTeX 2.9) (preloaded format=pdflatex 2015.8.1)  30 AUG 2015 18:49
entering extended mode
**Documentation.tex

(D:\repositories\Github\PHP\semester-project-2015\internal\doc\Documentation.te
x
LaTeX2e <2011/06/27>
Babel <v3.8m> and hyphenation patterns for english, afrikaans, ancientgreek, ar
abic, armenian, assamese, basque, bengali, bokmal, bulgarian, catalan, coptic, 
croatian, czech, danish, dutch, esperanto, estonian, farsi, finnish, french, ga
lician, german, german-x-2013-05-26, greek, gujarati, hindi, hungarian, iceland
ic, indonesian, interlingua, irish, italian, kannada, kurmanji, latin, latvian,
 lithuanian, malayalam, marathi, mongolian, mongolianlmc, monogreek, ngerman, n
german-x-2013-05-26, nynorsk, oriya, panjabi, pinyin, polish, portuguese, roman
ian, russian, sanskrit, serbian, slovak, slovenian, spanish, swedish, swissgerm
an, tamil, telugu, turkish, turkmen, ukenglish, ukrainian, uppersorbian, usengl
ishmax, welsh, loaded.
("C:\Program Files (x86)\MiKTeX 2.9\tex\latex\base\article.cls"
Document Class: article 2007/10/19 v1.4h Standard LaTeX document class
("C:\Program Files (x86)\MiKTeX 2.9\tex\latex\base\size11.clo"
File: size11.clo 2007/10/19 v1.4h Standard LaTeX file (size option)
)
\c@part=\count79
\c@section=\count80
\c@subsection=\count81
\c@subsubsection=\count82
\c@paragraph=\count83
\c@subparagraph=\count84
\c@figure=\count85
\c@table=\count86
\abovecaptionskip=\skip41
\belowcaptionskip=\skip42
\bibindent=\dimen102
)
("C:\Program Files (x86)\MiKTeX 2.9\tex\latex\geometry\geometry.sty"
Package: geometry 2010/09/12 v5.6 Page Geometry

("C:\Program Files (x86)\MiKTeX 2.9\tex\latex\graphics\keyval.sty"
Package: keyval 1999/03/16 v1.13 key=value parser (DPC)
\KV@toks@=\toks14
)
("C:\Program Files (x86)\MiKTeX 2.9\tex\generic\oberdiek\ifpdf.sty"
Package: ifpdf 2011/01/30 v2.3 Provides the ifpdf switch (HO)
Package ifpdf Info: pdfTeX in PDF mode is detected.
)
("C:\Program Files (x86)\MiKTeX 2.9\tex\generic\oberdiek\ifvtex.sty"
Package: ifvtex 2010/03/01 v1.5 Detect VTeX and its facilities (HO)
Package ifvtex Info: VTeX not detected.
)
("C:\Program Files (x86)\MiKTeX 2.9\tex\generic\ifxetex\ifxetex.sty"
Package: ifxetex 2010/09/12 v0.6 Provides ifxetex conditional
)
\Gm@cnth=\count87
\Gm@cntv=\count88
\c@Gm@tempcnt=\count89
\Gm@bindingoffset=\dimen103
\Gm@wd@mp=\dimen104
\Gm@odd@mp=\dimen105
\Gm@even@mp=\dimen106
\Gm@layoutwidth=\dimen107
\Gm@layoutheight=\dimen108
\Gm@layouthoffset=\dimen109
\Gm@layoutvoffset=\dimen110
\Gm@dimlist=\toks15

("C:\Program Files (x86)\MiKTeX 2.9\tex\latex\geometry\geometry.cfg"))
(C:\Users\cchet\AppData\Roaming\MiKTeX\2.9\tex\latex\pdfpages\pdfpages.sty
Package: pdfpages 2015/07/19 v0.5a Insert pages of external PDF documents (AM)

("C:\Program Files (x86)\MiKTeX 2.9\tex\latex\base\ifthen.sty"
Package: ifthen 2001/05/26 v1.1c Standard LaTeX ifthen package (DPC)
)
("C:\Program Files (x86)\MiKTeX 2.9\tex\latex\tools\calc.sty"
Package: calc 2007/08/22 v4.3 Infix arithmetic (KKT,FJ)
\calc@Acount=\count90
\calc@Bcount=\count91
\calc@Adimen=\dimen111
\calc@Bdimen=\dimen112
\calc@Askip=\skip43
\calc@Bskip=\skip44
LaTeX Info: Redefining \setlength on input line 76.
LaTeX Info: Redefining \addtolength on input line 77.
\calc@Ccount=\count92
\calc@Cskip=\skip45
)
(C:\Users\cchet\AppData\Roaming\MiKTeX\2.9\tex\latex\eso-pic\eso-pic.sty
Package: eso-pic 2015/07/21 v2.0g eso-pic (RN)

("C:\Program Files (x86)\MiKTeX 2.9\tex\generic\oberdiek\atbegshi.sty"
Package: atbegshi 2011/10/05 v1.16 At begin shipout hook (HO)

("C:\Program Files (x86)\MiKTeX 2.9\tex\generic\oberdiek\infwarerr.sty"
Package: infwarerr 2010/04/08 v1.3 Providing info/warning/error messages (HO)
)
("C:\Program Files (x86)\MiKTeX 2.9\tex\generic\oberdiek\ltxcmds.sty"
Package: ltxcmds 2011/11/09 v1.22 LaTeX kernel commands for general use (HO)
))
(C:\Users\cchet\AppData\Roaming\MiKTeX\2.9\tex\latex\xcolor\xcolor.sty
Package: xcolor 2007/01/21 v2.11 LaTeX color extensions (UK)

("C:\Program Files (x86)\MiKTeX 2.9\tex\latex\00miktex\color.cfg"
File: color.cfg 2007/01/18 v1.5 color configuration of teTeX/TeXLive
)
Package xcolor Info: Driver file: pdftex.def on input line 225.

("C:\Program Files (x86)\MiKTeX 2.9\tex\latex\pdftex-def\pdftex.def"
File: pdftex.def 2011/05/27 v0.06d Graphics/color for pdfTeX
\Gread@gobject=\count93
)
Package xcolor Info: Model `cmy' substituted by `cmy0' on input line 1337.
Package xcolor Info: Model `hsb' substituted by `rgb' on input line 1341.
Package xcolor Info: Model `RGB' extended on input line 1353.
Package xcolor Info: Model `HTML' substituted by `rgb' on input line 1355.
Package xcolor Info: Model `Hsb' substituted by `hsb' on input line 1356.
Package xcolor Info: Model `tHsb' substituted by `hsb' on input line 1357.
Package xcolor Info: Model `HSB' substituted by `hsb' on input line 1358.
Package xcolor Info: Model `Gray' substituted by `gray' on input line 1359.
Package xcolor Info: Model `wave' substituted by `hsb' on input line 1360.
))
("C:\Program Files (x86)\MiKTeX 2.9\tex\latex\graphics\graphicx.sty"
Package: graphicx 1999/02/16 v1.0f Enhanced LaTeX Graphics (DPC,SPQR)

("C:\Program Files (x86)\MiKTeX 2.9\tex\latex\graphics\graphics.sty"
Package: graphics 2009/02/05 v1.0o Standard LaTeX Graphics (DPC,SPQR)

("C:\Program Files (x86)\MiKTeX 2.9\tex\latex\graphics\trig.sty"
Package: trig 1999/03/16 v1.09 sin cos tan (DPC)
)
("C:\Program Files (x86)\MiKTeX 2.9\tex\latex\00miktex\graphics.cfg"
File: graphics.cfg 2007/01/18 v1.5 graphics configuration of teTeX/TeXLive
)
Package graphics Info: Driver file: pdftex.def on input line 91.
)
\Gin@req@height=\dimen113
\Gin@req@width=\dimen114
)
\AM@pagewidth=\dimen115
\AM@pageheight=\dimen116

(C:\Users\cchet\AppData\Roaming\MiKTeX\2.9\tex\latex\pdfpages\pppdftex.def
File: pppdftex.def 2015/07/19 v0.5a Pdfpages driver for pdfTeX (AM)
)
("C:\Program Files (x86)\MiKTeX 2.9\tex\latex\oberdiek\pdflscape.sty"
Package: pdflscape 2008/08/11 v0.10 Display of landscape pages in PDF (HO)

("C:\Program Files (x86)\MiKTeX 2.9\tex\latex\graphics\lscape.sty"
Package: lscape 2000/10/22 v3.01 Landscape Pages (DPC)
)
Package pdflscape Info: Auto-detected driver: pdftex on input line 80.
)
\AM@pagebox=\box26
\AM@toc@title=\toks16
\c@AM@survey=\count94
\AM@templatesizebox=\box27
)
(C:\Users\cchet\AppData\Roaming\MiKTeX\2.9\tex\latex\caption\caption.sty
Package: caption 2013/05/02 v3.3-89 Customizing captions (AR)

(C:\Users\cchet\AppData\Roaming\MiKTeX\2.9\tex\latex\caption\caption3.sty
Package: caption3 2013/05/02 v1.6-88 caption3 kernel (AR)
Package caption3 Info: TeX engine: e-TeX on input line 57.
\captionmargin=\dimen117
\captionmargin@=\dimen118
\captionwidth=\dimen119
\caption@tempdima=\dimen120
\caption@indent=\dimen121
\caption@parindent=\dimen122
\caption@hangindent=\dimen123
)
\c@ContinuedFloat=\count95
)
(C:\Users\cchet\AppData\Roaming\MiKTeX\2.9\tex\latex\minted\minted.sty
Package: minted 2015/01/31 v2.0 Yet another Pygments shim for LaTeX

("C:\Program Files (x86)\MiKTeX 2.9\tex\latex\oberdiek\kvoptions.sty"
Package: kvoptions 2011/06/30 v3.11 Key value format for package options (HO)

("C:\Program Files (x86)\MiKTeX 2.9\tex\generic\oberdiek\kvsetkeys.sty"
Package: kvsetkeys 2012/04/25 v1.16 Key value parser (HO)

("C:\Program Files (x86)\MiKTeX 2.9\tex\generic\oberdiek\etexcmds.sty"
Package: etexcmds 2011/02/16 v1.5 Avoid name clashes with e-TeX commands (HO)

("C:\Program Files (x86)\MiKTeX 2.9\tex\generic\oberdiek\ifluatex.sty"
Package: ifluatex 2010/03/01 v1.3 Provides the ifluatex switch (HO)
Package ifluatex Info: LuaTeX not detected.
)
Package etexcmds Info: Could not find \expanded.
(etexcmds)             That can mean that you are not using pdfTeX 1.50 or
(etexcmds)             that some package has redefined \expanded.
(etexcmds)             In the latter case, load this package earlier.
)))
(C:\Users\cchet\AppData\Roaming\MiKTeX\2.9\tex\latex\fancyvrb\fancyvrb.sty
Package: fancyvrb 2008/02/07

Style option: `fancyvrb' v2.7a, with DG/SPQR fixes, and firstline=lastline fix 
<2008/02/07> (tvz)
\FV@CodeLineNo=\count96
\FV@InFile=\read1
\FV@TabBox=\box28
\c@FancyVerbLine=\count97
\FV@StepNumber=\count98
\FV@OutFile=\write3
)
("C:\Program Files (x86)\MiKTeX 2.9\tex\latex\float\float.sty"
Package: float 2001/11/08 v1.3d Float enhancements (AL)
\c@float@type=\count99
\float@exts=\toks17
\float@box=\box29
\@float@everytoks=\toks18
\@floatcapt=\box30
)
(C:\Users\cchet\AppData\Roaming\MiKTeX\2.9\tex\latex\ifplatform\ifplatform.sty
Package: ifplatform 2010/10/22 v0.4 Testing for the operating system

("C:\Program Files (x86)\MiKTeX 2.9\tex\generic\oberdiek\pdftexcmds.sty"
Package: pdftexcmds 2011/11/29 v0.20 Utility functions of pdfTeX for LuaTeX (HO
)
Package pdftexcmds Info: LuaTeX not detected.
Package pdftexcmds Info: \pdf@primitive is available.
Package pdftexcmds Info: \pdf@ifprimitive is available.
Package pdftexcmds Info: \pdfdraftmode found.
)
("C:\Program Files (x86)\MiKTeX 2.9\tex\generic\oberdiek\catchfile.sty"
Package: catchfile 2011/03/01 v1.6 Catch the contents of a file (HO)
))
(C:\Users\cchet\AppData\Roaming\MiKTeX\2.9\tex\latex\etoolbox\etoolbox.sty
Package: etoolbox 2015/05/04 v2.2 e-TeX tools for LaTeX (JAW)

("C:\Program Files (x86)\MiKTeX 2.9\tex\latex\misc\etex.sty"
Package: etex 1998/03/26 v2.0 eTeX basic definition package (PEB)
\et@xins=\count100
)
\etb@tempcnta=\count101
)
(C:\Users\cchet\AppData\Roaming\MiKTeX\2.9\tex\latex\xstring\xstring.sty
(C:\Users\cchet\AppData\Roaming\MiKTeX\2.9\tex\generic\xstring\xstring.tex
\@xs@message=\write4
\integerpart=\count102
\decimalpart=\count103
)
Package: xstring 2013/10/13  v1.7c  String manipulations (C Tellechea)
)
(C:\Users\cchet\AppData\Roaming\MiKTeX\2.9\tex\latex\lineno\lineno.sty
Package: lineno 2005/11/02 line numbers on paragraphs v4.41
\linenopenalty=\count104
\output=\toks19
\linenoprevgraf=\count105
\linenumbersep=\dimen124
\linenumberwidth=\dimen125
\c@linenumber=\count106
\c@pagewiselinenumber=\count107
\c@LN@truepage=\count108
\c@internallinenumber=\count109
\c@internallinenumbers=\count110
\quotelinenumbersep=\dimen126
\bframerule=\dimen127
\bframesep=\dimen128
\bframebox=\box31
LaTeX Info: Redefining \\ on input line 3056.
)
\minted@appexistsfile=\read2
\FV@BreakIndent=\dimen129
\FV@BreakSymbolSepLeft=\dimen130
\FV@BreakSymbolSepRight=\dimen131
\FV@BreakSymbolIndentLeft=\dimen132
\FV@BreakSymbolIndentRight=\dimen133
\c@FancyVerbLineBreakLast=\count111
\FV@LineBox=\box32
\FV@LineIndentBox=\box33
\minted@bgbox=\box34
\minted@code=\write5
\c@minted@FancyVerbLineTemp=\count112
\@float@every@listing=\toks20
\c@listing=\count113
)
runsystem(if not exist "_minted-Documentation" mkdir "_minted-Documentation")..
.executed.

runsystem(for ^%i in (pygmentize.exe pygmentize.bat pygmentize.cmd) do set >"Do
cumentation.aex" <nul: /p x=^%~$PATH:i>>"Documentation.aex")...executed.

runsystem(del "Documentation.aex")...executed.


(D:\repositories\Github\PHP\semester-project-2015\internal\doc\_minted-Document
ation/default.pygstyle)
("C:\Program Files (x86)\MiKTeX 2.9\tex\generic\babel\babel.sty"
Package: babel 2008/07/08 v3.8m The Babel package

*************************************
* Local config file bblopts.cfg used
*
("C:\Program Files (x86)\MiKTeX 2.9\tex\latex\00miktex\bblopts.cfg"
File: bblopts.cfg 2006/07/31 v1.0 MiKTeX 'babel' configuration
)
("C:\Program Files (x86)\MiKTeX 2.9\tex\generic\babel\germanb.ldf"
Language: germanb 2008/06/01 v2.6m German support from the babel system

("C:\Program Files (x86)\MiKTeX 2.9\tex\generic\babel\babel.def"
File: babel.def 2008/07/08 v3.8m Babel common definitions
\babel@savecnt=\count114
\U@D=\dimen134
)
\l@austrian = a dialect from \language\l@german 
Package babel Info: Making " an active character on input line 102.
))
("C:\Program Files (x86)\MiKTeX 2.9\tex\latex\base\inputenc.sty"
Package: inputenc 2008/03/30 v1.1d Input encoding file
\inpenc@prehook=\toks21
\inpenc@posthook=\toks22

("C:\Program Files (x86)\MiKTeX 2.9\tex\latex\base\utf8.def"
File: utf8.def 2008/04/05 v1.1m UTF-8 support for inputenc
Now handling font encoding OML ...
... no UTF-8 mapping file for font encoding OML
Now handling font encoding T1 ...
... processing UTF-8 mapping file for font encoding T1

("C:\Program Files (x86)\MiKTeX 2.9\tex\latex\base\t1enc.dfu"
File: t1enc.dfu 2008/04/05 v1.1m UTF-8 support for inputenc
   defining Unicode char U+00A1 (decimal 161)
   defining Unicode char U+00A3 (decimal 163)
   defining Unicode char U+00AB (decimal 171)
   defining Unicode char U+00BB (decimal 187)
   defining Unicode char U+00BF (decimal 191)
   defining Unicode char U+00C0 (decimal 192)
   defining Unicode char U+00C1 (decimal 193)
   defining Unicode char U+00C2 (decimal 194)
   defining Unicode char U+00C3 (decimal 195)
   defining Unicode char U+00C4 (decimal 196)
   defining Unicode char U+00C5 (decimal 197)
   defining Unicode char U+00C6 (decimal 198)
   defining Unicode char U+00C7 (decimal 199)
   defining Unicode char U+00C8 (decimal 200)
   defining Unicode char U+00C9 (decimal 201)
   defining Unicode char U+00CA (decimal 202)
   defining Unicode char U+00CB (decimal 203)
   defining Unicode char U+00CC (decimal 204)
   defining Unicode char U+00CD (decimal 205)
   defining Unicode char U+00CE (decimal 206)
   defining Unicode char U+00CF (decimal 207)
   defining Unicode char U+00D0 (decimal 208)
   defining Unicode char U+00D1 (decimal 209)
   defining Unicode char U+00D2 (decimal 210)
   defining Unicode char U+00D3 (decimal 211)
   defining Unicode char U+00D4 (decimal 212)
   defining Unicode char U+00D5 (decimal 213)
   defining Unicode char U+00D6 (decimal 214)
   defining Unicode char U+00D8 (decimal 216)
   defining Unicode char U+00D9 (decimal 217)
   defining Unicode char U+00DA (decimal 218)
   defining Unicode char U+00DB (decimal 219)
   defining Unicode char U+00DC (decimal 220)
   defining Unicode char U+00DD (decimal 221)
   defining Unicode char U+00DE (decimal 222)
   defining Unicode char U+00DF (decimal 223)
   defining Unicode char U+00E0 (decimal 224)
   defining Unicode char U+00E1 (decimal 225)
   defining Unicode char U+00E2 (decimal 226)
   defining Unicode char U+00E3 (decimal 227)
   defining Unicode char U+00E4 (decimal 228)
   defining Unicode char U+00E5 (decimal 229)
   defining Unicode char U+00E6 (decimal 230)
   defining Unicode char U+00E7 (decimal 231)
   defining Unicode char U+00E8 (decimal 232)
   defining Unicode char U+00E9 (decimal 233)
   defining Unicode char U+00EA (decimal 234)
   defining Unicode char U+00EB (decimal 235)
   defining Unicode char U+00EC (decimal 236)
   defining Unicode char U+00ED (decimal 237)
   defining Unicode char U+00EE (decimal 238)
   defining Unicode char U+00EF (decimal 239)
   defining Unicode char U+00F0 (decimal 240)
   defining Unicode char U+00F1 (decimal 241)
   defining Unicode char U+00F2 (decimal 242)
   defining Unicode char U+00F3 (decimal 243)
   defining Unicode char U+00F4 (decimal 244)
   defining Unicode char U+00F5 (decimal 245)
   defining Unicode char U+00F6 (decimal 246)
   defining Unicode char U+00F8 (decimal 248)
   defining Unicode char U+00F9 (decimal 249)
   defining Unicode char U+00FA (decimal 250)
   defining Unicode char U+00FB (decimal 251)
   defining Unicode char U+00FC (decimal 252)
   defining Unicode char U+00FD (decimal 253)
   defining Unicode char U+00FE (decimal 254)
   defining Unicode char U+00FF (decimal 255)
   defining Unicode char U+0102 (decimal 258)
   defining Unicode char U+0103 (decimal 259)
   defining Unicode char U+0104 (decimal 260)
   defining Unicode char U+0105 (decimal 261)
   defining Unicode char U+0106 (decimal 262)
   defining Unicode char U+0107 (decimal 263)
   defining Unicode char U+010C (decimal 268)
   defining Unicode char U+010D (decimal 269)
   defining Unicode char U+010E (decimal 270)
   defining Unicode char U+010F (decimal 271)
   defining Unicode char U+0110 (decimal 272)
   defining Unicode char U+0111 (decimal 273)
   defining Unicode char U+0118 (decimal 280)
   defining Unicode char U+0119 (decimal 281)
   defining Unicode char U+011A (decimal 282)
   defining Unicode char U+011B (decimal 283)
   defining Unicode char U+011E (decimal 286)
   defining Unicode char U+011F (decimal 287)
   defining Unicode char U+0130 (decimal 304)
   defining Unicode char U+0131 (decimal 305)
   defining Unicode char U+0132 (decimal 306)
   defining Unicode char U+0133 (decimal 307)
   defining Unicode char U+0139 (decimal 313)
   defining Unicode char U+013A (decimal 314)
   defining Unicode char U+013D (decimal 317)
   defining Unicode char U+013E (decimal 318)
   defining Unicode char U+0141 (decimal 321)
   defining Unicode char U+0142 (decimal 322)
   defining Unicode char U+0143 (decimal 323)
   defining Unicode char U+0144 (decimal 324)
   defining Unicode char U+0147 (decimal 327)
   defining Unicode char U+0148 (decimal 328)
   defining Unicode char U+014A (decimal 330)
   defining Unicode char U+014B (decimal 331)
   defining Unicode char U+0150 (decimal 336)
   defining Unicode char U+0151 (decimal 337)
   defining Unicode char U+0152 (decimal 338)
   defining Unicode char U+0153 (decimal 339)
   defining Unicode char U+0154 (decimal 340)
   defining Unicode char U+0155 (decimal 341)
   defining Unicode char U+0158 (decimal 344)
   defining Unicode char U+0159 (decimal 345)
   defining Unicode char U+015A (decimal 346)
   defining Unicode char U+015B (decimal 347)
   defining Unicode char U+015E (decimal 350)
   defining Unicode char U+015F (decimal 351)
   defining Unicode char U+0160 (decimal 352)
   defining Unicode char U+0161 (decimal 353)
   defining Unicode char U+0162 (decimal 354)
   defining Unicode char U+0163 (decimal 355)
   defining Unicode char U+0164 (decimal 356)
   defining Unicode char U+0165 (decimal 357)
   defining Unicode char U+016E (decimal 366)
   defining Unicode char U+016F (decimal 367)
   defining Unicode char U+0170 (decimal 368)
   defining Unicode char U+0171 (decimal 369)
   defining Unicode char U+0178 (decimal 376)
   defining Unicode char U+0179 (decimal 377)
   defining Unicode char U+017A (decimal 378)
   defining Unicode char U+017B (decimal 379)
   defining Unicode char U+017C (decimal 380)
   defining Unicode char U+017D (decimal 381)
   defining Unicode char U+017E (decimal 382)
   defining Unicode char U+200C (decimal 8204)
   defining Unicode char U+2013 (decimal 8211)
   defining Unicode char U+2014 (decimal 8212)
   defining Unicode char U+2018 (decimal 8216)
   defining Unicode char U+2019 (decimal 8217)
   defining Unicode char U+201A (decimal 8218)
   defining Unicode char U+201C (decimal 8220)
   defining Unicode char U+201D (decimal 8221)
   defining Unicode char U+201E (decimal 8222)
   defining Unicode char U+2030 (decimal 8240)
   defining Unicode char U+2031 (decimal 8241)
   defining Unicode char U+2039 (decimal 8249)
   defining Unicode char U+203A (decimal 8250)
   defining Unicode char U+2423 (decimal 9251)
)
Now handling font encoding OT1 ...
... processing UTF-8 mapping file for font encoding OT1

("C:\Program Files (x86)\MiKTeX 2.9\tex\latex\base\ot1enc.dfu"
File: ot1enc.dfu 2008/04/05 v1.1m UTF-8 support for inputenc
   defining Unicode char U+00A1 (decimal 161)
   defining Unicode char U+00A3 (decimal 163)
   defining Unicode char U+00B8 (decimal 184)
   defining Unicode char U+00BF (decimal 191)
   defining Unicode char U+00C5 (decimal 197)
   defining Unicode char U+00C6 (decimal 198)
   defining Unicode char U+00D8 (decimal 216)
   defining Unicode char U+00DF (decimal 223)
   defining Unicode char U+00E6 (decimal 230)
   defining Unicode char U+00EC (decimal 236)
   defining Unicode char U+00ED (decimal 237)
   defining Unicode char U+00EE (decimal 238)
   defining Unicode char U+00EF (decimal 239)
   defining Unicode char U+00F8 (decimal 248)
   defining Unicode char U+0131 (decimal 305)
   defining Unicode char U+0141 (decimal 321)
   defining Unicode char U+0142 (decimal 322)
   defining Unicode char U+0152 (decimal 338)
   defining Unicode char U+0153 (decimal 339)
   defining Unicode char U+2013 (decimal 8211)
   defining Unicode char U+2014 (decimal 8212)
   defining Unicode char U+2018 (decimal 8216)
   defining Unicode char U+2019 (decimal 8217)
   defining Unicode char U+201C (decimal 8220)
   defining Unicode char U+201D (decimal 8221)
)
Now handling font encoding OMS ...
... processing UTF-8 mapping file for font encoding OMS

("C:\Program Files (x86)\MiKTeX 2.9\tex\latex\base\omsenc.dfu"
File: omsenc.dfu 2008/04/05 v1.1m UTF-8 support for inputenc
   defining Unicode char U+00A7 (decimal 167)
   defining Unicode char U+00B6 (decimal 182)
   defining Unicode char U+00B7 (decimal 183)
   defining Unicode char U+2020 (decimal 8224)
   defining Unicode char U+2021 (decimal 8225)
   defining Unicode char U+2022 (decimal 8226)
)
Now handling font encoding OMX ...
... no UTF-8 mapping file for font encoding OMX
Now handling font encoding U ...
... no UTF-8 mapping file for font encoding U
   defining Unicode char U+00A9 (decimal 169)
   defining Unicode char U+00AA (decimal 170)
   defining Unicode char U+00AE (decimal 174)
   defining Unicode char U+00BA (decimal 186)
   defining Unicode char U+02C6 (decimal 710)
   defining Unicode char U+02DC (decimal 732)
   defining Unicode char U+200C (decimal 8204)
   defining Unicode char U+2026 (decimal 8230)
   defining Unicode char U+2122 (decimal 8482)
   defining Unicode char U+2423 (decimal 9251)
))
(C:\Users\cchet\AppData\Roaming\MiKTeX\2.9\tex\latex\titlesec\titlesec.sty
Package: titlesec 2011/12/15 v2.10.0 Sectioning titles
\ttl@box=\box35
\beforetitleunit=\skip46
\aftertitleunit=\skip47
\ttl@plus=\dimen135
\ttl@minus=\dimen136
\ttl@toksa=\toks23
\titlewidth=\dimen137
\titlewidthlast=\dimen138
\titlewidthfirst=\dimen139
)
(C:\Users\cchet\AppData\Roaming\MiKTeX\2.9\tex\latex\fancyhdr\fancyhdr.sty
\fancy@headwidth=\skip48
\f@ncyO@elh=\skip49
\f@ncyO@erh=\skip50
\f@ncyO@olh=\skip51
\f@ncyO@orh=\skip52
\f@ncyO@elf=\skip53
\f@ncyO@erf=\skip54
\f@ncyO@olf=\skip55
\f@ncyO@orf=\skip56
)
(C:\Users\cchet\AppData\Roaming\MiKTeX\2.9\tex\latex\lastpage\lastpage.sty

LaTeX Warning: You have requested release `2014/05/01' of LaTeX,
               but only release `2011/06/27' is available.

Package: lastpage 2015/03/29 v1.2m Refers to last page's name (HMM; JPG)
) ("C:\Program Files (x86)\MiKTeX 2.9\tex\latex\hyperref\hyperref.sty"
Package: hyperref 2012/11/06 v6.83m Hypertext links for LaTeX

("C:\Program Files (x86)\MiKTeX 2.9\tex\generic\oberdiek\hobsub-hyperref.sty"
Package: hobsub-hyperref 2012/04/25 v1.12 Bundle oberdiek, subset hyperref (HO)


("C:\Program Files (x86)\MiKTeX 2.9\tex\generic\oberdiek\hobsub-generic.sty"
Package: hobsub-generic 2012/04/25 v1.12 Bundle oberdiek, subset generic (HO)
Package: hobsub 2012/04/25 v1.12 Construct package bundles (HO)
Package hobsub Info: Skipping package `infwarerr' (already loaded).
Package hobsub Info: Skipping package `ltxcmds' (already loaded).
Package hobsub Info: Skipping package `ifluatex' (already loaded).
Package hobsub Info: Skipping package `ifvtex' (already loaded).
Package: intcalc 2007/09/27 v1.1 Expandable calculations with integers (HO)
Package hobsub Info: Skipping package `ifpdf' (already loaded).
Package hobsub Info: Skipping package `etexcmds' (already loaded).
Package hobsub Info: Skipping package `kvsetkeys' (already loaded).
Package: kvdefinekeys 2011/04/07 v1.3 Define keys (HO)
Package hobsub Info: Skipping package `pdftexcmds' (already loaded).
Package: pdfescape 2011/11/25 v1.13 Implements pdfTeX's escape features (HO)
Package: bigintcalc 2012/04/08 v1.3 Expandable calculations on big integers (HO
)
Package: bitset 2011/01/30 v1.1 Handle bit-vector datatype (HO)
Package: uniquecounter 2011/01/30 v1.2 Provide unlimited unique counter (HO)
)
Package hobsub Info: Skipping package `hobsub' (already loaded).
Package: letltxmacro 2010/09/02 v1.4 Let assignment for LaTeX macros (HO)
Package: hopatch 2011/06/24 v1.1 Wrapper for package hooks (HO)
Package: xcolor-patch 2011/01/30 xcolor patch
Package: atveryend 2011/06/30 v1.8 Hooks at the very end of document (HO)
Package hobsub Info: Skipping package `atbegshi' (already loaded).
Package: refcount 2011/10/16 v3.4 Data extraction from label references (HO)
Package: hycolor 2011/01/30 v1.7 Color options for hyperref/bookmark (HO)
)
("C:\Program Files (x86)\MiKTeX 2.9\tex\latex\oberdiek\auxhook.sty"
Package: auxhook 2011/03/04 v1.3 Hooks for auxiliary files (HO)
)
\@linkdim=\dimen140
\Hy@linkcounter=\count115
\Hy@pagecounter=\count116

("C:\Program Files (x86)\MiKTeX 2.9\tex\latex\hyperref\pd1enc.def"
File: pd1enc.def 2012/11/06 v6.83m Hyperref: PDFDocEncoding definition (HO)
Now handling font encoding PD1 ...
... no UTF-8 mapping file for font encoding PD1
)
\Hy@SavedSpaceFactor=\count117

("C:\Program Files (x86)\MiKTeX 2.9\tex\latex\00miktex\hyperref.cfg"
File: hyperref.cfg 2002/06/06 v1.2 hyperref configuration of TeXLive
)
Package hyperref Info: Hyper figures OFF on input line 4443.
Package hyperref Info: Link nesting OFF on input line 4448.
Package hyperref Info: Hyper index ON on input line 4451.
Package hyperref Info: Plain pages OFF on input line 4458.
Package hyperref Info: Backreferencing OFF on input line 4463.
Package hyperref Info: Implicit mode ON; LaTeX internals redefined.
Package hyperref Info: Bookmarks ON on input line 4688.
\c@Hy@tempcnt=\count118

(C:\Users\cchet\AppData\Roaming\MiKTeX\2.9\tex\latex\url\url.sty
\Urlmuskip=\muskip10
Package: url 2013/09/16  ver 3.4  Verb mode for urls, etc.
)
LaTeX Info: Redefining \url on input line 5041.
\XeTeXLinkMargin=\dimen141
\Fld@menulength=\count119
\Field@Width=\dimen142
\Fld@charsize=\dimen143
Package hyperref Info: Hyper figures OFF on input line 6295.
Package hyperref Info: Link nesting OFF on input line 6300.
Package hyperref Info: Hyper index ON on input line 6303.
Package hyperref Info: backreferencing OFF on input line 6310.
Package hyperref Info: Link coloring OFF on input line 6315.
Package hyperref Info: Link coloring with OCG OFF on input line 6320.
Package hyperref Info: PDF/A mode OFF on input line 6325.
LaTeX Info: Redefining \ref on input line 6365.
LaTeX Info: Redefining \pageref on input line 6369.
\Hy@abspage=\count120
\c@Item=\count121
\c@Hfootnote=\count122
)

Package hyperref Message: Driver (autodetected): hpdftex.

("C:\Program Files (x86)\MiKTeX 2.9\tex\latex\hyperref\hpdftex.def"
File: hpdftex.def 2012/11/06 v6.83m Hyperref driver for pdfTeX
\Fld@listcount=\count123
\c@bookmark@seq@number=\count124

("C:\Program Files (x86)\MiKTeX 2.9\tex\latex\oberdiek\rerunfilecheck.sty"
Package: rerunfilecheck 2011/04/15 v1.7 Rerun checks for auxiliary files (HO)
Package uniquecounter Info: New unique counter `rerunfilecheck' on input line 2
82.
)
\Hy@SectionHShift=\skip57
)

Package geometry Warning: Over-specification in `h'-direction.
    `width' (597.50787pt) is ignored.


Package geometry Warning: Over-specification in `v'-direction.
    `height' (845.04684pt) is ignored.


(D:\repositories\Github\PHP\semester-project-2015\internal\doc\Documentation.au
x)
LaTeX Font Info:    Checking defaults for OML/cmm/m/it on input line 107.
LaTeX Font Info:    ... okay on input line 107.
LaTeX Font Info:    Checking defaults for T1/cmr/m/n on input line 107.
LaTeX Font Info:    ... okay on input line 107.
LaTeX Font Info:    Checking defaults for OT1/cmr/m/n on input line 107.
LaTeX Font Info:    ... okay on input line 107.
LaTeX Font Info:    Checking defaults for OMS/cmsy/m/n on input line 107.
LaTeX Font Info:    ... okay on input line 107.
LaTeX Font Info:    Checking defaults for OMX/cmex/m/n on input line 107.
LaTeX Font Info:    ... okay on input line 107.
LaTeX Font Info:    Checking defaults for U/cmr/m/n on input line 107.
LaTeX Font Info:    ... okay on input line 107.
LaTeX Font Info:    Checking defaults for PD1/pdf/m/n on input line 107.
LaTeX Font Info:    ... okay on input line 107.

*geometry* driver: auto-detecting
*geometry* detected driver: pdftex
*geometry* verbose mode - [ preamble ] result:
* driver: pdftex
* paper: a4paper
* layout: <same size as paper>
* layoutoffset:(h,v)=(0.0pt,0.0pt)
* modes: twoside 
* h-part:(L,W,R)=(56.9055pt, 483.69687pt, 56.9055pt)
* v-part:(T,H,B)=(56.9055pt, 702.78308pt, 85.35826pt)
* \paperwidth=597.50787pt
* \paperheight=845.04684pt
* \textwidth=483.69687pt
* \textheight=702.78308pt
* \oddsidemargin=-15.36449pt
* \evensidemargin=-15.36449pt
* \topmargin=-52.36449pt
* \headheight=12.0pt
* \headsep=25.0pt
* \topskip=11.0pt
* \footskip=30.0pt
* \marginparwidth=103.0pt
* \marginparsep=10.0pt
* \columnsep=10.0pt
* \skip\footins=10.0pt plus 4.0pt minus 2.0pt
* \hoffset=0.0pt
* \voffset=0.0pt
* \mag=1000
* \@twocolumnfalse
* \@twosidetrue
* \@mparswitchtrue
* \@reversemarginfalse
* (1in=72.27pt=25.4mm, 1cm=28.453pt)

\AtBeginShipoutBox=\box36
(C:\Users\cchet\AppData\Roaming\MiKTeX\2.9\tex\context\base\supp-pdf.mkii
[Loading MPS to PDF converter (version 2006.09.02).]
\scratchcounter=\count125
\scratchdimen=\dimen144
\scratchbox=\box37
\nofMPsegments=\count126
\nofMParguments=\count127
\everyMPshowfont=\toks24
\MPscratchCnt=\count128
\MPscratchDim=\dimen145
\MPnumerator=\count129
\makeMPintoPDFobject=\count130
\everyMPtoPDFconversion=\toks25
)
Package caption Info: Begin \AtBeginDocument code.
Package caption Info: float package is loaded.
Package caption Info: hyperref package is loaded.
Package caption Info: End \AtBeginDocument code.
Package lastpage Info: Please have a look at the pageslts package at
(lastpage)             https://www.ctan.org/pkg/pageslts
(lastpage)             ! on input line 107.
Package hyperref Info: Link coloring OFF on input line 107.
 ("C:\Program Files (x86)\MiKTeX 2.9\tex\latex\hyperref\nameref.sty"
Package: nameref 2012/10/27 v2.43 Cross-referencing by name of section

("C:\Program Files (x86)\MiKTeX 2.9\tex\generic\oberdiek\gettitlestring.sty"
Package: gettitlestring 2010/12/03 v1.4 Cleanup title references (HO)
)
\c@section@level=\count131
)
LaTeX Info: Redefining \ref on input line 107.
LaTeX Info: Redefining \pageref on input line 107.
LaTeX Info: Redefining \nameref on input line 107.

(D:\repositories\Github\PHP\semester-project-2015\internal\doc\Documentation.ou
t)
(D:\repositories\Github\PHP\semester-project-2015\internal\doc\Documentation.ou
t)
\@outlinefile=\write6

<scm4-2015-uebung01-communication-list.pdf, id=43, 597.23125pt x 845.1575pt>
File: scm4-2015-uebung01-communication-list.pdf Graphic file (type pdf)

<use scm4-2015-uebung01-communication-list.pdf>
Package pdftex.def Info: scm4-2015-uebung01-communication-list.pdf used on inpu
t line 109.
(pdftex.def)             Requested size: 597.22978pt x 845.15544pt.
File: scm4-2015-uebung01-communication-list.pdf Graphic file (type pdf)

<use scm4-2015-uebung01-communication-list.pdf>
Package pdftex.def Info: scm4-2015-uebung01-communication-list.pdf used on inpu
t line 109.
(pdftex.def)             Requested size: 597.22978pt x 845.15544pt.
File: scm4-2015-uebung01-communication-list.pdf Graphic file (type pdf)

<use scm4-2015-uebung01-communication-list.pdf>
Package pdftex.def Info: scm4-2015-uebung01-communication-list.pdf used on inpu
t line 109.
(pdftex.def)             Requested size: 597.22978pt x 845.15544pt.
File: scm4-2015-uebung01-communication-list.pdf Graphic file (type pdf)

<use scm4-2015-uebung01-communication-list.pdf>
Package pdftex.def Info: scm4-2015-uebung01-communication-list.pdf used on inpu
t line 109.
(pdftex.def)             Requested size: 597.22978pt x 845.15544pt.

<scm4-2015-uebung01-communication-list.pdf, id=48, page=1, 597.23125pt x 845.15
75pt>
File: scm4-2015-uebung01-communication-list.pdf Graphic file (type pdf)
 <use scm4-2015-uebung01-communication-list.pdf, page 1>
Package pdftex.def Info: scm4-2015-uebung01-communication-list.pdf, page1 used 
on input line 109.
(pdftex.def)             Requested size: 597.22978pt x 845.15544pt.
File: scm4-2015-uebung01-communication-list.pdf Graphic file (type pdf)

<use scm4-2015-uebung01-communication-list.pdf, page 1>
Package pdftex.def Info: scm4-2015-uebung01-communication-list.pdf, page1 used 
on input line 109.
(pdftex.def)             Requested size: 597.25711pt x 845.19412pt.
File: scm4-2015-uebung01-communication-list.pdf Graphic file (type pdf)

<use scm4-2015-uebung01-communication-list.pdf, page 1>
Package pdftex.def Info: scm4-2015-uebung01-communication-list.pdf, page1 used 
on input line 109.
(pdftex.def)             Requested size: 597.25711pt x 845.19412pt.
File: scm4-2015-uebung01-communication-list.pdf Graphic file (type pdf)

<use scm4-2015-uebung01-communication-list.pdf, page 1>
Package pdftex.def Info: scm4-2015-uebung01-communication-list.pdf, page1 used 
on input line 109.
(pdftex.def)             Requested size: 597.25711pt x 845.19412pt.

<scm4-2015-uebung01-communication-list.pdf, id=49, page=2, 597.23125pt x 845.15
75pt>
File: scm4-2015-uebung01-communication-list.pdf Graphic file (type pdf)
 <use scm4-2015-uebung01-communication-list.pdf, page 2>
Package pdftex.def Info: scm4-2015-uebung01-communication-list.pdf, page2 used 
on input line 109.
(pdftex.def)             Requested size: 597.25711pt x 845.19412pt.
File: scm4-2015-uebung01-communication-list.pdf Graphic file (type pdf)

<use scm4-2015-uebung01-communication-list.pdf, page 2>
Package pdftex.def Info: scm4-2015-uebung01-communication-list.pdf, page2 used 
on input line 109.
(pdftex.def)             Requested size: 597.25711pt x 845.19412pt.
File: scm4-2015-uebung01-communication-list.pdf Graphic file (type pdf)

<use scm4-2015-uebung01-communication-list.pdf, page 1>
Package pdftex.def Info: scm4-2015-uebung01-communication-list.pdf, page1 used 
on input line 109.
(pdftex.def)             Requested size: 597.25711pt x 845.19412pt.
 [1

 <D:/repositories/Github/PHP/semester-project-2015/internal/doc/scm4-2015-uebun
g01-communication-list.pdf

pdfTeX warning: pdflatex (file D:/repositories/Github/PHP/semester-project-2015
/internal/doc/scm4-2015-uebung01-communication-list.pdf): PDF inclusion: invali
d other resource which is no dict (key 'ProcSets', type <array>); ignored.
>]
<scm4-2015-uebung01-communication-list.pdf, id=81, page=3, 597.23125pt x 845.15
75pt>
File: scm4-2015-uebung01-communication-list.pdf Graphic file (type pdf)
 <use scm4-2015-uebung01-communication-list.pdf, page 3>
Package pdftex.def Info: scm4-2015-uebung01-communication-list.pdf, page3 used 
on input line 109.
(pdftex.def)             Requested size: 597.25711pt x 845.19412pt.
File: scm4-2015-uebung01-communication-list.pdf Graphic file (type pdf)

<use scm4-2015-uebung01-communication-list.pdf, page 3>
Package pdftex.def Info: scm4-2015-uebung01-communication-list.pdf, page3 used 
on input line 109.
(pdftex.def)             Requested size: 597.25711pt x 845.19412pt.
File: scm4-2015-uebung01-communication-list.pdf Graphic file (type pdf)

<use scm4-2015-uebung01-communication-list.pdf, page 2>
Package pdftex.def Info: scm4-2015-uebung01-communication-list.pdf, page2 used 
on input line 109.
(pdftex.def)             Requested size: 597.25711pt x 845.19412pt.
 [2 <D:/repositories/Github/PHP/semester-project-2015/internal/doc/scm4-2015-ue
bung01-communication-list.pdf

pdfTeX warning: pdflatex (file D:/repositories/Github/PHP/semester-project-2015
/internal/doc/scm4-2015-uebung01-communication-list.pdf): PDF inclusion: invali
d other resource which is no dict (key 'ProcSets', type <array>); ignored.
>]
File: scm4-2015-uebung01-communication-list.pdf Graphic file (type pdf)
 <use scm4-2015-uebung01-communication-list.pdf, page 3>
Package pdftex.def Info: scm4-2015-uebung01-communication-list.pdf, page3 used 
on input line 109.
(pdftex.def)             Requested size: 597.25711pt x 845.19412pt.
 [3 <D:/repositories/Github/PHP/semester-project-2015/internal/doc/scm4-2015-ue
bung01-communication-list.pdf

pdfTeX warning: pdflatex (file D:/repositories/Github/PHP/semester-project-2015
/internal/doc/scm4-2015-uebung01-communication-list.pdf): PDF inclusion: invali
d other resource which is no dict (key 'ProcSets', type <array>); ignored.
>]
LaTeX Font Info:    Try loading font information for OMS+cmr on input line 117.

 ("C:\Program Files (x86)\MiKTeX 2.9\tex\latex\base\omscmr.fd"
File: omscmr.fd 1999/05/25 v2.5h Standard LaTeX font definitions
)
LaTeX Font Info:    Font shape `OMS/cmr/bx/n' in size <10.95> not available
(Font)              Font shape `OMS/cmsy/b/n' tried instead on input line 117.

Underfull \hbox (badness 10000) in paragraph at lines 116--123

 []


Underfull \hbox (badness 10000) in paragraph at lines 116--123

 []


Underfull \hbox (badness 10000) in paragraph at lines 116--123

 []


Underfull \hbox (badness 10000) in paragraph at lines 116--123

 []

<FHO_Logo_Students.jpg, id=101, 569.0058pt x 476.0184pt>
File: FHO_Logo_Students.jpg Graphic file (type jpg)

<use FHO_Logo_Students.jpg>
Package pdftex.def Info: FHO_Logo_Students.jpg used on input line 123.
(pdftex.def)             Requested size: 56.9039pt x 47.60461pt.


Package Fancyhdr Warning: \headheight is too small (42.67912pt): 
 Make it at least 51.68465pt.
 We now make it that large for the rest of the document.
 This may cause the page layout to be inconsistent, however.

[4{C:/Users/cchet/AppData/Local/MiKTeX/2.9/pdftex/config/pdftex.map} <D:/reposi
tories/Github/PHP/semester-project-2015/internal/doc/FHO_Logo_Students.jpg>]
<images/er-model.PNG, id=112, 993.7125pt x 833.1125pt>
File: images/er-model.PNG Graphic file (type png)

<use images/er-model.PNG>
Package pdftex.def Info: images/er-model.PNG used on input line 129.
(pdftex.def)             Requested size: 496.85503pt x 416.55524pt.

Overfull \hbox (13.15816pt too wide) in paragraph at lines 129--131
 [][] 
 []

File: FHO_Logo_Students.jpg Graphic file (type jpg)
<use FHO_Logo_Students.jpg>
Package pdftex.def Info: FHO_Logo_Students.jpg used on input line 134.
(pdftex.def)             Requested size: 56.9039pt x 47.60461pt.


Package Fancyhdr Warning: \headheight is too small (42.67912pt): 
 Make it at least 51.68465pt.
 We now make it that large for the rest of the document.
 This may cause the page layout to be inconsistent, however.

[5 <D:/repositories/Github/PHP/semester-project-2015/internal/doc/images/er-mod
el.PNG>] <images/Infrastructure.JPG, id=119, 536.0025pt x 559.33969pt>
File: images/Infrastructure.JPG Graphic file (type jpg)

<use images/Infrastructure.JPG>
Package pdftex.def Info: images/Infrastructure.JPG used on input line 150.
(pdftex.def)             Requested size: 375.19919pt x 391.53511pt.

Underfull \hbox (badness 10000) in paragraph at lines 144--154

 []

File: FHO_Logo_Students.jpg Graphic file (type jpg)
<use FHO_Logo_Students.jpg>
Package pdftex.def Info: FHO_Logo_Students.jpg used on input line 155.
(pdftex.def)             Requested size: 56.9039pt x 47.60461pt.


Package Fancyhdr Warning: \headheight is too small (42.67912pt): 
 Make it at least 51.68465pt.
 We now make it that large for the rest of the document.
 This may cause the page layout to be inconsistent, however.

[6 <D:/repositories/Github/PHP/semester-project-2015/internal/doc/images/Infras
tructure.JPG>]
Underfull \hbox (badness 10000) in paragraph at lines 156--157

 []

File: FHO_Logo_Students.jpg Graphic file (type jpg)
<use FHO_Logo_Students.jpg>
Package pdftex.def Info: FHO_Logo_Students.jpg used on input line 172.
(pdftex.def)             Requested size: 56.9039pt x 47.60461pt.


Package Fancyhdr Warning: \headheight is too small (42.67912pt): 
 Make it at least 51.68465pt.
 We now make it that large for the rest of the document.
 This may cause the page layout to be inconsistent, however.

[7]
<images/registration_client_validation_full.PNG, id=139, 253.69781pt x 348.5521
9pt>
File: images/registration_client_validation_full.PNG Graphic file (type png)
 <use images/registration_client_validation_full.PNG>
Package pdftex.def Info: images/registration_client_validation_full.PNG used on
 input line 181.
(pdftex.def)             Requested size: 126.84859pt x 174.27565pt.

<images/registration_client_validation_email.PNG, id=141, 255.95625pt x 350.810
62pt>
File: images/registration_client_validation_email.PNG Graphic file (type png)
 <use images/registration_client_validation_email.PNG>
Package pdftex.def Info: images/registration_client_validation_email.PNG used o
n input line 188.
(pdftex.def)             Requested size: 127.9778pt x 175.40488pt.

Underfull \hbox (badness 10000) in paragraph at lines 177--192

 []


Underfull \hbox (badness 10000) in paragraph at lines 177--192

 []

File: FHO_Logo_Students.jpg Graphic file (type jpg)
<use FHO_Logo_Students.jpg>
Package pdftex.def Info: FHO_Logo_Students.jpg used on input line 192.
(pdftex.def)             Requested size: 56.9039pt x 47.60461pt.


Package Fancyhdr Warning: \headheight is too small (42.67912pt): 
 Make it at least 51.68465pt.
 We now make it that large for the rest of the document.
 This may cause the page layout to be inconsistent, however.

[8 <D:/repositories/Github/PHP/semester-project-2015/internal/doc/images/regist
ration_client_validation_full.PNG> <D:/repositories/Github/PHP/semester-project
-2015/internal/doc/images/registration_client_validation_email.PNG>]
<images/registration_server_validation_email.PNG, id=151, 820.56563pt x 423.080
63pt>
File: images/registration_server_validation_email.PNG Graphic file (type png)
 <use images/registration_server_validation_email.PNG>
Package pdftex.def Info: images/registration_server_validation_email.PNG used o
n input line 196.
(pdftex.def)             Requested size: 328.22043pt x 169.22925pt.

<images/registration_server_validation_username.PNG, id=152, 816.04875pt x 418.
56375pt>
File: images/registration_server_validation_username.PNG Graphic file (type png
)
 <use images/registration_server_validation_username.PNG>
Package pdftex.def Info: images/registration_server_validation_username.PNG use
d on input line 203.
(pdftex.def)             Requested size: 326.41371pt x 167.42252pt.

Underfull \hbox (badness 10000) in paragraph at lines 193--207

 []

File: FHO_Logo_Students.jpg Graphic file (type jpg)
<use FHO_Logo_Students.jpg>
Package pdftex.def Info: FHO_Logo_Students.jpg used on input line 207.
(pdftex.def)             Requested size: 56.9039pt x 47.60461pt.


Package Fancyhdr Warning: \headheight is too small (42.67912pt): 
 Make it at least 51.68465pt.
 We now make it that large for the rest of the document.
 This may cause the page layout to be inconsistent, however.

[9 <D:/repositories/Github/PHP/semester-project-2015/internal/doc/images/regist
ration_server_validation_email.PNG> <D:/repositories/Github/PHP/semester-projec
t-2015/internal/doc/images/registration_server_validation_username.PNG>]
<images/registration_success.PNG, id=162, 816.04875pt x 124.96687pt>
File: images/registration_success.PNG Graphic file (type png)

<use images/registration_success.PNG>
Package pdftex.def Info: images/registration_success.PNG used on input line 211
.
(pdftex.def)             Requested size: 489.63304pt x 74.9807pt.

Overfull \hbox (5.93617pt too wide) in paragraph at lines 211--213
 [][] 
 []


Underfull \hbox (badness 10000) in paragraph at lines 208--215

 []


Underfull \hbox (badness 10000) in paragraph at lines 208--215

 []

File: FHO_Logo_Students.jpg Graphic file (type jpg)
<use FHO_Logo_Students.jpg>
Package pdftex.def Info: FHO_Logo_Students.jpg used on input line 215.
(pdftex.def)             Requested size: 56.9039pt x 47.60461pt.


Package Fancyhdr Warning: \headheight is too small (42.67912pt): 
 Make it at least 51.68465pt.
 We now make it that large for the rest of the document.
 This may cause the page layout to be inconsistent, however.

[10 <D:/repositories/Github/PHP/semester-project-2015/internal/doc/images/regis
tration_success.PNG>]
<images/login_client_validation_full.PNG, id=170, 222.07968pt x 111.41624pt>
File: images/login_client_validation_full.PNG Graphic file (type png)

<use images/login_client_validation_full.PNG>
Package pdftex.def Info: images/login_client_validation_full.PNG used on input 
line 222.
(pdftex.def)             Requested size: 111.03957pt x 55.70798pt.

<images/login_server_validation_credentials.PNG, id=171, 816.04875pt x 183.6862
5pt>
File: images/login_server_validation_credentials.PNG Graphic file (type png)
 <use images/login_server_validation_credentials.PNG>
Package pdftex.def Info: images/login_server_validation_credentials.PNG used on
 input line 229.
(pdftex.def)             Requested size: 408.02338pt x 91.84288pt.

Underfull \hbox (badness 10000) in paragraph at lines 218--233

 []


Underfull \hbox (badness 10000) in paragraph at lines 218--233

 []


Underfull \hbox (badness 10000) in paragraph at lines 218--233

 []


Underfull \hbox (badness 10000) in paragraph at lines 218--233

 []

File: FHO_Logo_Students.jpg Graphic file (type jpg)
<use FHO_Logo_Students.jpg>
Package pdftex.def Info: FHO_Logo_Students.jpg used on input line 234.
(pdftex.def)             Requested size: 56.9039pt x 47.60461pt.


Package Fancyhdr Warning: \headheight is too small (42.67912pt): 
 Make it at least 51.68465pt.
 We now make it that large for the rest of the document.
 This may cause the page layout to be inconsistent, however.

[11 <D:/repositories/Github/PHP/semester-project-2015/internal/doc/images/login
_client_validation_full.PNG> <D:/repositories/Github/PHP/semester-project-2015/
internal/doc/images/login_server_validation_credentials.PNG>]
<images/start_new_channel_no_channels.PNG, id=181, 813.79031pt x 330.48468pt>
File: images/start_new_channel_no_channels.PNG Graphic file (type png)

<use images/start_new_channel_no_channels.PNG>
Package pdftex.def Info: images/start_new_channel_no_channels.PNG used on input
 line 241.
(pdftex.def)             Requested size: 406.89417pt x 165.24193pt.

Underfull \hbox (badness 10000) in paragraph at lines 237--245

 []


Underfull \hbox (badness 10000) in paragraph at lines 237--245

 []


Underfull \hbox (badness 10000) in paragraph at lines 237--245

 []

<images/start_new_channel_successful.PNG, id=182, 818.30719pt x 328.22626pt>
File: images/start_new_channel_successful.PNG Graphic file (type png)

<use images/start_new_channel_successful.PNG>
Package pdftex.def Info: images/start_new_channel_successful.PNG used on input 
line 249.
(pdftex.def)             Requested size: 409.15259pt x 164.11272pt.

Underfull \hbox (badness 10000) in paragraph at lines 246--253

 []


Underfull \hbox (badness 10000) in paragraph at lines 246--253

 []

File: FHO_Logo_Students.jpg Graphic file (type jpg)
<use FHO_Logo_Students.jpg>
Package pdftex.def Info: FHO_Logo_Students.jpg used on input line 253.
(pdftex.def)             Requested size: 56.9039pt x 47.60461pt.


Package Fancyhdr Warning: \headheight is too small (42.67912pt): 
 Make it at least 51.68465pt.
 We now make it that large for the rest of the document.
 This may cause the page layout to be inconsistent, however.

[12 <D:/repositories/Github/PHP/semester-project-2015/internal/doc/images/start
_new_channel_no_channels.PNG> <D:/repositories/Github/PHP/semester-project-2015
/internal/doc/images/start_new_channel_successful.PNG>]
<images/start_new_channel_fail.PNG, id=192, 816.04875pt x 332.74312pt>
File: images/start_new_channel_fail.PNG Graphic file (type png)

<use images/start_new_channel_fail.PNG>
Package pdftex.def Info: images/start_new_channel_fail.PNG used on input line 2
58.
(pdftex.def)             Requested size: 408.02338pt x 166.37114pt.

Underfull \hbox (badness 10000) in paragraph at lines 255--262

 []


Underfull \hbox (badness 10000) in paragraph at lines 255--262

 []


<images/start_channels_assigned_after_creation.PNG, id=193, 829.59938pt x 194.9
7844pt>
File: images/start_channels_assigned_after_creation.PNG Graphic file (type png)

 <use images/start_channels_assigned_after_creation.PNG>
Package pdftex.def Info: images/start_channels_assigned_after_creation.PNG used
 on input line 266.
(pdftex.def)             Requested size: 414.79868pt x 97.48897pt.

Underfull \hbox (badness 10000) in paragraph at lines 263--270

 []


Underfull \hbox (badness 10000) in paragraph at lines 263--270

 []

File: FHO_Logo_Students.jpg Graphic file (type jpg)
<use FHO_Logo_Students.jpg>
Package pdftex.def Info: FHO_Logo_Students.jpg used on input line 270.
(pdftex.def)             Requested size: 56.9039pt x 47.60461pt.


Package Fancyhdr Warning: \headheight is too small (42.67912pt): 
 Make it at least 51.68465pt.
 We now make it that large for the rest of the document.
 This may cause the page layout to be inconsistent, however.

[13 <D:/repositories/Github/PHP/semester-project-2015/internal/doc/images/start
_new_channel_fail.PNG> <D:/repositories/Github/PHP/semester-project-2015/intern
al/doc/images/start_channels_assigned_after_creation.PNG>]
<images/start_channels_action_fail.PNG, id=204, 836.3747pt x 231.11343pt>
File: images/start_channels_action_fail.PNG Graphic file (type png)

<use images/start_channels_action_fail.PNG>
Package pdftex.def Info: images/start_channels_action_fail.PNG used on input li
ne 277.
(pdftex.def)             Requested size: 418.18633pt x 115.55643pt.

Underfull \hbox (badness 10000) in paragraph at lines 273--281

 []


Underfull \hbox (badness 10000) in paragraph at lines 273--281

 []


Underfull \hbox (badness 10000) in paragraph at lines 273--281

 []

File: FHO_Logo_Students.jpg Graphic file (type jpg)
<use FHO_Logo_Students.jpg>
Package pdftex.def Info: FHO_Logo_Students.jpg used on input line 283.
(pdftex.def)             Requested size: 56.9039pt x 47.60461pt.


Package Fancyhdr Warning: \headheight is too small (42.67912pt): 
 Make it at least 51.68465pt.
 We now make it that large for the rest of the document.
 This may cause the page layout to be inconsistent, however.

[14 <D:/repositories/Github/PHP/semester-project-2015/internal/doc/images/start
_channels_action_fail.PNG>]
<images/start_channel_chat_no_channel_on_action.PNG, id=212, 816.04875pt x 109.
1578pt>
File: images/start_channel_chat_no_channel_on_action.PNG Graphic file (type png
)
 <use images/start_channel_chat_no_channel_on_action.PNG>
Package pdftex.def Info: images/start_channel_chat_no_channel_on_action.PNG use
d on input line 290.
(pdftex.def)             Requested size: 408.02338pt x 54.57877pt.

Underfull \hbox (badness 10000) in paragraph at lines 286--294

 []


Underfull \hbox (badness 10000) in paragraph at lines 286--294

 []


Underfull \hbox (badness 10000) in paragraph at lines 286--294

 []


<images/start_channel_chat_no_message_or_following.PNG, id=213, 531.48563pt x 1
36.25906pt>
File: images/start_channel_chat_no_message_or_following.PNG Graphic file (type 
png)
 <use images/start_channel_chat_no_message_or_following.PNG>
Package pdftex.def Info: images/start_channel_chat_no_message_or_following.PNG 
used on input line 298.
(pdftex.def)             Requested size: 265.74216pt x 68.12935pt.

Underfull \hbox (badness 10000) in paragraph at lines 295--302

 []


Underfull \hbox (badness 10000) in paragraph at lines 295--302

 []


<images/start_channel_chat_delete_following_messages.PNG, id=214, 513.41812pt x
 140.77594pt>
File: images/start_channel_chat_delete_following_messages.PNG Graphic file (typ
e png)
 <use images/start_channel_chat_delete_following_messages.PNG>
Package pdftex.def Info: images/start_channel_chat_delete_following_messages.PN
G used on input line 306.
(pdftex.def)             Requested size: 256.70842pt x 70.38779pt.

Underfull \hbox (badness 10000) in paragraph at lines 303--310

 []


Underfull \hbox (badness 10000) in paragraph at lines 303--310

 []

File: FHO_Logo_Students.jpg Graphic file (type jpg)
<use FHO_Logo_Students.jpg>
Package pdftex.def Info: FHO_Logo_Students.jpg used on input line 310.
(pdftex.def)             Requested size: 56.9039pt x 47.60461pt.


Package Fancyhdr Warning: \headheight is too small (42.67912pt): 
 Make it at least 51.68465pt.
 We now make it that large for the rest of the document.
 This may cause the page layout to be inconsistent, however.

[15 <D:/repositories/Github/PHP/semester-project-2015/internal/doc/images/start
_channel_chat_no_channel_on_action.PNG> <D:/repositories/Github/PHP/semester-pr
oject-2015/internal/doc/images/start_channel_chat_no_message_or_following.PNG> 
<D:/repositories/Github/PHP/semester-project-2015/internal/doc/images/start_cha
nnel_chat_delete_following_messages.PNG>]
<images/start_channel_chat_set_favorite_fail.PNG, id=226, 531.48563pt x 136.259
06pt>
File: images/start_channel_chat_set_favorite_fail.PNG Graphic file (type png)
 <use images/start_channel_chat_set_favorite_fail.PNG>
Package pdftex.def Info: images/start_channel_chat_set_favorite_fail.PNG used o
n input line 315.
(pdftex.def)             Requested size: 265.74216pt x 68.12935pt.

Underfull \hbox (badness 10000) in paragraph at lines 312--319

 []


Underfull \hbox (badness 10000) in paragraph at lines 312--319

 []

<images/start_channel_chat_marked_unread.PNG, id=227, 524.71031pt x 337.26pt>
File: images/start_channel_chat_marked_unread.PNG Graphic file (type png)

<use images/start_channel_chat_marked_unread.PNG>
Package pdftex.def Info: images/start_channel_chat_marked_unread.PNG used on in
put line 323.
(pdftex.def)             Requested size: 262.3545pt x 168.62958pt.

Underfull \hbox (badness 10000) in paragraph at lines 320--327

 []


Underfull \hbox (badness 10000) in paragraph at lines 320--327

 []

File: FHO_Logo_Students.jpg Graphic file (type jpg)
<use FHO_Logo_Students.jpg>
Package pdftex.def Info: FHO_Logo_Students.jpg used on input line 327.
(pdftex.def)             Requested size: 56.9039pt x 47.60461pt.


Package Fancyhdr Warning: \headheight is too small (42.67912pt): 
 Make it at least 51.68465pt.
 We now make it that large for the rest of the document.
 This may cause the page layout to be inconsistent, however.

[16 <D:/repositories/Github/PHP/semester-project-2015/internal/doc/images/start
_channel_chat_set_favorite_fail.PNG> <D:/repositories/Github/PHP/semester-proje
ct-2015/internal/doc/images/start_channel_chat_marked_unread.PNG>]
<images/start_channel_chat_all.PNG, id=237, 558.58687pt x 520.19344pt>
File: images/start_channel_chat_all.PNG Graphic file (type png)

<use images/start_channel_chat_all.PNG>
Package pdftex.def Info: images/start_channel_chat_all.PNG used on input line 3
34.
(pdftex.def)             Requested size: 223.43079pt x 208.07368pt.

<images/start_channel_chat_favorites_only.PNG, id=238, 556.32843pt x 524.71031p
t>
File: images/start_channel_chat_favorites_only.PNG Graphic file (type png)
 <use images/start_channel_chat_favorites_only.PNG>
Package pdftex.def Info: images/start_channel_chat_favorites_only.PNG used on i
nput line 340.
(pdftex.def)             Requested size: 222.52742pt x 209.8804pt.

Underfull \hbox (badness 10000) in paragraph at lines 329--344

 []


Underfull \hbox (badness 10000) in paragraph at lines 329--344

 []


Underfull \hbox (badness 10000) in paragraph at lines 329--344

 []

File: FHO_Logo_Students.jpg Graphic file (type jpg)
<use FHO_Logo_Students.jpg>
Package pdftex.def Info: FHO_Logo_Students.jpg used on input line 344.
(pdftex.def)             Requested size: 56.9039pt x 47.60461pt.


Package Fancyhdr Warning: \headheight is too small (42.67912pt): 
 Make it at least 51.68465pt.
 We now make it that large for the rest of the document.
 This may cause the page layout to be inconsistent, however.

[17 <D:/repositories/Github/PHP/semester-project-2015/internal/doc/images/start
_channel_chat_all.PNG> <D:/repositories/Github/PHP/semester-project-2015/intern
al/doc/images/start_channel_chat_favorites_only.PNG>]

AED: lastpage setting LastPage
Package atveryend Info: Empty hook `BeforeClearDocument' on input line 348.
Package atveryend Info: Empty hook `AfterLastShipout' on input line 348.

(D:\repositories\Github\PHP\semester-project-2015\internal\doc\Documentation.au
x)
Package atveryend Info: Executing hook `AtVeryEndDocument' on input line 348.
Package atveryend Info: Executing hook `AtEndAfterFileList' on input line 348.
Package rerunfilecheck Info: File `Documentation.out' has not changed.
(rerunfilecheck)             Checksum: E289CFD5707F6737508141571C863B07;670.
 ) 
Here is how much of TeX's memory you used:
 10884 strings out of 493921
 175254 string characters out of 3144877
 300940 words of memory out of 3000000
 13941 multiletter control sequences out of 15000+200000
 5881 words of font info for 22 fonts, out of 3000000 for 9000
 841 hyphenation exceptions out of 8191
 42i,18n,43p,881b,484s stack positions out of 5000i,500n,10000p,200000b,50000s
<C:/Program Files (x86)/MiKTeX 2.9/fonts/type1/public/amsfonts/cm/cmbsy10.pfb
><C:/Program Files (x86)/MiKTeX 2.9/fonts/type1/public/amsfonts/cm/cmbx10.pfb><
C:/Program Files (x86)/MiKTeX 2.9/fonts/type1/public/amsfonts/cm/cmbx12.pfb><C:
/Program Files (x86)/MiKTeX 2.9/fonts/type1/public/amsfonts/cm/cmr10.pfb>
Output written on Documentation.pdf (17 pages, 1251035 bytes).
PDF statistics:
 276 PDF objects out of 1000 (max. 8388607)
 56 named destinations out of 1000 (max. 500000)
 231 words of extra memory for PDF output out of 10000 (max. 10000000)

